<?xml version="1.0" encoding="UTF-8"?>
<testsuite xmlns:xsi="http://www.w3.org/2001/XMLSchema-instance" xsi:noNamespaceSchemaLocation="https://maven.apache.org/surefire/maven-surefire-plugin/xsd/surefire-test-report-3.0.xsd" version="3.0" name="com.udacity.sercurity.service.SecurityServiceTest" time="1.343" tests="22" errors="0" skipped="0" failures="0">
  <properties>
[...]
</properties>
  <testcase name="ifAlarmIsArmedAndASensorBecomesActivatedThenPutTheSystemIntoPendingAlarmStatus" classname="com.udacity.sercurity.service.SecurityServiceTest" time="0.967"/>
  <testcase name="ifTheSystemIsDisarmedThenSetTheStatusToNoAlarm" classname="com.udacity.sercurity.service.SecurityServiceTest" time="0.01"/>
  <testcase name="ifASensorIsActivatedWhileAlreadyActiveAndTheSystemIsInPendingStateTheChangeItToAlarmState" classname="com.udacity.sercurity.service.SecurityServiceTest" time="0.007"/>
  <testcase name="ifTheSystemIsDisarmedAndSensorIsActivatedThenNotSetArmingState(AlarmStatus)[1]" classname="com.udacity.sercurity.service.SecurityServiceTest" time="0.028"/>
  <testcase name="ifTheSystemIsDisarmedAndSensorIsActivatedThenNotSetArmingState(AlarmStatus)[2]" classname="com.udacity.sercurity.service.SecurityServiceTest" time="0.007"/>
  <testcase name="removeStatusListener" classname="com.udacity.sercurity.service.SecurityServiceTest" time="0.005"/>
  <testcase name="ifTheImageServiceIdentifiesAnImageContainingACatWhileTheSystemIsArmedHomeThenPutTheSystemIntoAlarmStatus" classname="com.udacity.sercurity.service.SecurityServiceTest" time="0.013"/>
  <testcase name="removeSensor" classname="com.udacity.sercurity.service.SecurityServiceTest" time="0.006"/>
  <testcase name="addSensor" classname="com.udacity.sercurity.service.SecurityServiceTest" time="0.004"/>
  <testcase name="ifTheSystemIsArmedHomeWhileTheCameraShowsACatThenSetTheAlarmStatusToAlarm" classname="com.udacity.sercurity.service.SecurityServiceTest" time="0.007"/>
  <testcase name="addStatusListener" classname="com.udacity.sercurity.service.SecurityServiceTest" time="0.003"/>
  <testcase name="ifAlarmIsArmedAndASensorBecomesActivatedAndTheSystemIsAlreadyPendingAlarmThenSetTheAlarmStatusToAlarm" classname="com.udacity.sercurity.service.SecurityServiceTest" time="0.004"/>
  <testcase name="ifTheAlarmStatusIsAlarmAndTheSystemIsDisarmedThenSetAlarmStatusToPending" classname="com.udacity.sercurity.service.SecurityServiceTest" time="0.003"/>
  <testcase name="ifASensorIsDeactivatedWhileAlreadyInactiveThenMakeNoChangesToTheAlarmState(AlarmStatus)[1]" classname="com.udacity.sercurity.service.SecurityServiceTest" time="0.005"/>
  <testcase name="ifASensorIsDeactivatedWhileAlreadyInactiveThenMakeNoChangesToTheAlarmState(AlarmStatus)[2]" classname="com.udacity.sercurity.service.SecurityServiceTest" time="0.004"/>
  <testcase name="ifASensorIsDeactivatedWhileAlreadyInactiveThenMakeNoChangesToTheAlarmState(AlarmStatus)[3]" classname="com.udacity.sercurity.service.SecurityServiceTest" time="0.004"/>
  <testcase name="ifTheSystemIsArmedThenResetAllSensorsToInactive(ArmingStatus)[1]" classname="com.udacity.sercurity.service.SecurityServiceTest" time="0.013"/>
  <testcase name="ifTheSystemIsArmedThenResetAllSensorsToInactive(ArmingStatus)[2]" classname="com.udacity.sercurity.service.SecurityServiceTest" time="0.004"/>
  <testcase name="ifTheImageServiceIdentifiesAnImageThatDoesNotContainACatThenChangeTheStatusToNoAlarmAsLongAsTheSensorsAreNotActive" classname="com.udacity.sercurity.service.SecurityServiceTest" time="0.133"/>
  <testcase name="ifPendingAlarmAndAllSensorsAreInactiveThenReturnToNoAlarmState" classname="com.udacity.sercurity.service.SecurityServiceTest" time="0.008"/>
  <testcase name="ifAlarmIsActiveThenChangeInSensorStateShouldNotAffectTheAlarmState(boolean)[1]" classname="com.udacity.sercurity.service.SecurityServiceTest" time="0.006"/>
  <testcase name="ifAlarmIsActiveThenChangeInSensorStateShouldNotAffectTheAlarmState(boolean)[2]" classname="com.udacity.sercurity.service.SecurityServiceTest" time="0.006"/>
</testsuite>